<?xml version="1.0" encoding="UTF-8"?>
<!-- Generated by org.testng.reporters.JUnitReportReporter -->
<testsuite hostname="LAPTOP-UL54PSPR" failures="0" tests="2" name="test.TestNGClassC" time="10.265" errors="0" timestamp="2022-01-24T17:08:12 IST" skipped="0">
  <testcase classname="test.TestNGClassC" name="toVerifyRankingButton" time="0.858"/>
  <system-out/>
  <testcase classname="test.TestNGClassC" name="toVerifyLiveScoreButton" time="9.407"/>
  <system-out/>
</testsuite> <!-- test.TestNGClassC -->
